mode: set
github.com/rpfeb23/rakesh-pattanayak-go/testing/main.go:5.14,8.2 2 0
github.com/rpfeb23/rakesh-pattanayak-go/testing/main.go:10.26,12.21 2 1
github.com/rpfeb23/rakesh-pattanayak-go/testing/main.go:15.2,15.12 1 1
github.com/rpfeb23/rakesh-pattanayak-go/testing/main.go:12.21,14.3 1 1
github.com/rpfeb23/rakesh-pattanayak-go/testing/main.go:18.30,20.21 2 1
github.com/rpfeb23/rakesh-pattanayak-go/testing/main.go:23.2,23.23 1 1
github.com/rpfeb23/rakesh-pattanayak-go/testing/main.go:20.21,22.3 1 1
